This is pdfTeX, Version 3.14159265-2.6-1.40.20 (TeX Live 2019/Debian) (preloaded format=pdflatex 2021.9.15)  29 JAN 2022 11:22
entering extended mode
 restricted \write18 enabled.
 %&-line parsing enabled.
**Joni_Paakko_-_Thesis.tex
(./Joni_Paakko_-_Thesis.tex
LaTeX2e <2020-02-02> patch level 2
L3 programming layer <2020-02-14>
(/usr/share/texlive/texmf-dist/tex/latex/base/article.cls
Document Class: article 2019/12/20 v1.4l Standard LaTeX document class
(/usr/share/texlive/texmf-dist/tex/latex/base/size10.clo
File: size10.clo 2019/12/20 v1.4l Standard LaTeX file (size option)
)
\c@part=\count167
\c@section=\count168
\c@subsection=\count169
\c@subsubsection=\count170
\c@paragraph=\count171
\c@subparagraph=\count172
\c@figure=\count173
\c@table=\count174
\abovecaptionskip=\skip47
\belowcaptionskip=\skip48
\bibindent=\dimen134
) (./knitr.sty
(/usr/share/texlive/texmf-dist/tex/latex/graphics/graphicx.sty
Package: graphicx 2019/11/30 v1.2a Enhanced LaTeX Graphics (DPC,SPQR)

(/usr/share/texlive/texmf-dist/tex/latex/graphics/keyval.sty
Package: keyval 2014/10/28 v1.15 key=value parser (DPC)
\KV@toks@=\toks14
)
(/usr/share/texlive/texmf-dist/tex/latex/graphics/graphics.sty
Package: graphics 2019/11/30 v1.4a Standard LaTeX Graphics (DPC,SPQR)

(/usr/share/texlive/texmf-dist/tex/latex/graphics/trig.sty
Package: trig 2016/01/03 v1.10 sin cos tan (DPC)
)
(/usr/share/texlive/texmf-dist/tex/latex/graphics-cfg/graphics.cfg
File: graphics.cfg 2016/06/04 v1.11 sample graphics configuration
)
Package graphics Info: Driver file: pdftex.def on input line 105.

(/usr/share/texlive/texmf-dist/tex/latex/graphics-def/pdftex.def
File: pdftex.def 2018/01/08 v1.0l Graphics/color driver for pdftex
))
\Gin@req@height=\dimen135
\Gin@req@width=\dimen136
)
(/usr/share/texlive/texmf-dist/tex/latex/graphics/color.sty
Package: color 2019/11/23 v1.2a Standard LaTeX Color (DPC)

(/usr/share/texlive/texmf-dist/tex/latex/graphics-cfg/color.cfg
File: color.cfg 2016/01/02 v1.6 sample color configuration
)
Package color Info: Driver file: pdftex.def on input line 147.
)
(/usr/share/texlive/texmf-dist/tex/latex/framed/framed.sty
Package: framed 2011/10/22 v 0.96: framed or shaded text with page breaks
\OuterFrameSep=\skip49
\fb@frw=\dimen137
\fb@frh=\dimen138
\FrameRule=\dimen139
\FrameSep=\dimen140
))
(/usr/share/texlive/texmf-dist/tex/latex/base/alltt.sty
Package: alltt 1997/06/16 v2.0g defines alltt environment
)
(/usr/share/texlive/texmf-dist/tex/latex/setspace/setspace.sty
Package: setspace 2011/12/19 v6.7a set line spacing
)
(/usr/share/texlive/texmf-dist/tex/latex/booktabs/booktabs.sty
Package: booktabs 2020/01/12 v1.61803398 Publication quality tables
\heavyrulewidth=\dimen141
\lightrulewidth=\dimen142
\cmidrulewidth=\dimen143
\belowrulesep=\dimen144
\belowbottomsep=\dimen145
\aboverulesep=\dimen146
\abovetopsep=\dimen147
\cmidrulesep=\dimen148
\cmidrulekern=\dimen149
\defaultaddspace=\dimen150
\@cmidla=\count175
\@cmidlb=\count176
\@aboverulesep=\dimen151
\@belowrulesep=\dimen152
\@thisruleclass=\count177
\@lastruleclass=\count178
\@thisrulewidth=\dimen153
)
(/usr/share/texlive/texmf-dist/tex/latex/tools/bm.sty
Package: bm 2019/07/24 v1.2d Bold Symbol Support (DPC/FMi)
\symboldoperators=\mathgroup4
\symboldletters=\mathgroup5
\symboldsymbols=\mathgroup6
LaTeX Font Info:    Redeclaring math alphabet \mathbf on input line 141.
LaTeX Info: Redefining \bm on input line 209.
)
(/usr/share/texlive/texmf-dist/tex/latex/url/url.sty
\Urlmuskip=\muskip16
Package: url 2013/09/16  ver 3.4  Verb mode for urls, etc.
)
(/usr/share/texlive/texmf-dist/tex/latex/amsmath/amsmath.sty
Package: amsmath 2020/01/20 v2.17e AMS math features
\@mathmargin=\skip50

For additional information on amsmath, use the `?' option.
(/usr/share/texlive/texmf-dist/tex/latex/amsmath/amstext.sty
Package: amstext 2000/06/29 v2.01 AMS text

(/usr/share/texlive/texmf-dist/tex/latex/amsmath/amsgen.sty
File: amsgen.sty 1999/11/30 v2.0 generic functions
\@emptytoks=\toks15
\ex@=\dimen154
))
(/usr/share/texlive/texmf-dist/tex/latex/amsmath/amsbsy.sty
Package: amsbsy 1999/11/29 v1.2d Bold Symbols
LaTeX Info: Redefining \boldsymbol on input line 28.
\pmbraise@=\dimen155
)
(/usr/share/texlive/texmf-dist/tex/latex/amsmath/amsopn.sty
Package: amsopn 2016/03/08 v2.02 operator names
)
\inf@bad=\count179
LaTeX Info: Redefining \frac on input line 227.
\uproot@=\count180
\leftroot@=\count181
LaTeX Info: Redefining \overline on input line 389.
\classnum@=\count182
\DOTSCASE@=\count183
LaTeX Info: Redefining \ldots on input line 486.
LaTeX Info: Redefining \dots on input line 489.
LaTeX Info: Redefining \cdots on input line 610.
\Mathstrutbox@=\box45
\strutbox@=\box46
\big@size=\dimen156
LaTeX Font Info:    Redeclaring font encoding OML on input line 733.
LaTeX Font Info:    Redeclaring font encoding OMS on input line 734.
\macc@depth=\count184
\c@MaxMatrixCols=\count185
\dotsspace@=\muskip17
\c@parentequation=\count186
\dspbrk@lvl=\count187
\tag@help=\toks16
\row@=\count188
\column@=\count189
\maxfields@=\count190
\andhelp@=\toks17
\eqnshift@=\dimen157
\alignsep@=\dimen158
\tagshift@=\dimen159
\tagwidth@=\dimen160
\totwidth@=\dimen161
\lineht@=\dimen162
\@envbody=\toks18
\multlinegap=\skip51
\multlinetaggap=\skip52
\mathdisplay@stack=\toks19
LaTeX Info: Redefining \[ on input line 2859.
LaTeX Info: Redefining \] on input line 2860.
)
(/usr/share/texlive/texmf-dist/tex/latex/interval/interval.sty
Package: interval 2019/03/06 v0.4

(/usr/share/texlive/texmf-dist/tex/latex/pgf/utilities/pgfkeys.sty
(/usr/share/texlive/texmf-dist/tex/generic/pgf/utilities/pgfkeys.code.tex
\pgfkeys@pathtoks=\toks20
\pgfkeys@temptoks=\toks21

(/usr/share/texlive/texmf-dist/tex/generic/pgf/utilities/pgfkeysfiltered.code.t
ex
\pgfkeys@tmptoks=\toks22
)))) (/usr/share/texlive/texmf-dist/tex/latex/multirow/multirow.sty
Package: multirow 2019/05/31 v2.5 Span multiple rows of a table
\multirow@colwidth=\skip53
\multirow@cntb=\count191
\multirow@dima=\skip54
\bigstrutjot=\dimen163
)
(/usr/share/texlive/texmf-dist/tex/latex/float/float.sty
Package: float 2001/11/08 v1.3d Float enhancements (AL)
\c@float@type=\count192
\float@exts=\toks23
\float@box=\box47
\@float@everytoks=\toks24
\@floatcapt=\box48
)
(/usr/share/texlive/texmf-dist/tex/latex/listings/listings.sty
\lst@mode=\count193
\lst@gtempboxa=\box49
\lst@token=\toks25
\lst@length=\count194
\lst@currlwidth=\dimen164
\lst@column=\count195
\lst@pos=\count196
\lst@lostspace=\dimen165
\lst@width=\dimen166
\lst@newlines=\count197
\lst@lineno=\count198
\lst@maxwidth=\dimen167

(/usr/share/texlive/texmf-dist/tex/latex/listings/lstmisc.sty
File: lstmisc.sty 2019/09/10 1.8c (Carsten Heinz)
\c@lstnumber=\count199
\lst@skipnumbers=\count266
\lst@framebox=\box50
)
(/usr/share/texlive/texmf-dist/tex/latex/listings/listings.cfg
File: listings.cfg 2019/09/10 1.8c listings configuration
))
Package: listings 2019/09/10 1.8c (Carsten Heinz)

(/usr/share/texlive/texmf-dist/tex/latex/appendix/appendix.sty
Package: appendix 2020/02/08 v1.2c extra appendix facilities
\c@@pps=\count267
\c@@ppsavesec=\count268
\c@@ppsaveapp=\count269
)
(/usr/share/texlive/texmf-dist/tex/latex/tocloft/tocloft.sty
Package: tocloft 2017/08/31 v2.3i parameterised ToC, etc., typesetting
Package tocloft Info: The document has section divisions on input line 51.
\cftparskip=\skip55
\cftbeforetoctitleskip=\skip56
\cftaftertoctitleskip=\skip57
\cftbeforepartskip=\skip58
\cftpartnumwidth=\skip59
\cftpartindent=\skip60
\cftbeforesecskip=\skip61
\cftsecindent=\skip62
\cftsecnumwidth=\skip63
\cftbeforesubsecskip=\skip64
\cftsubsecindent=\skip65
\cftsubsecnumwidth=\skip66
\cftbeforesubsubsecskip=\skip67
\cftsubsubsecindent=\skip68
\cftsubsubsecnumwidth=\skip69
\cftbeforeparaskip=\skip70
\cftparaindent=\skip71
\cftparanumwidth=\skip72
\cftbeforesubparaskip=\skip73
\cftsubparaindent=\skip74
\cftsubparanumwidth=\skip75
\cftbeforeloftitleskip=\skip76
\cftafterloftitleskip=\skip77
\cftbeforefigskip=\skip78
\cftfigindent=\skip79
\cftfignumwidth=\skip80
\c@lofdepth=\count270
\c@lotdepth=\count271
\cftbeforelottitleskip=\skip81
\cftafterlottitleskip=\skip82
\cftbeforetabskip=\skip83
\cfttabindent=\skip84
\cfttabnumwidth=\skip85
)
(/usr/share/texlive/texmf-dist/tex/latex/amscls/amsthm.sty
Package: amsthm 2017/10/31 v2.20.4
\thm@style=\toks26
\thm@bodyfont=\toks27
\thm@headfont=\toks28
\thm@notefont=\toks29
\thm@headpunct=\toks30
\thm@preskip=\skip86
\thm@postskip=\skip87
\thm@headsep=\skip88
\dth@everypar=\toks31
)
(/usr/share/texlive/texmf-dist/tex/latex/adjustbox/adjustbox.sty
Package: adjustbox 2019/01/04 v1.2 Adjusting TeX boxes (trim, clip, ...)

(/usr/share/texlive/texmf-dist/tex/latex/xkeyval/xkeyval.sty
Package: xkeyval 2014/12/03 v2.7a package option processing (HA)

(/usr/share/texlive/texmf-dist/tex/generic/xkeyval/xkeyval.tex
(/usr/share/texlive/texmf-dist/tex/generic/xkeyval/xkvutils.tex
\XKV@toks=\toks32
\XKV@tempa@toks=\toks33
)
\XKV@depth=\count272
File: xkeyval.tex 2014/12/03 v2.7a key=value parser (HA)
))
(/usr/share/texlive/texmf-dist/tex/latex/adjustbox/adjcalc.sty
Package: adjcalc 2012/05/16 v1.1 Provides advanced setlength with multiple back
-ends (calc, etex, pgfmath)
)
(/usr/share/texlive/texmf-dist/tex/latex/adjustbox/trimclip.sty
Package: trimclip 2018/04/08 v1.1 Trim and clip general TeX material

(/usr/share/texlive/texmf-dist/tex/latex/collectbox/collectbox.sty
Package: collectbox 2012/05/17 v0.4b Collect macro arguments as boxes
\collectedbox=\box51
)
\tc@llx=\dimen168
\tc@lly=\dimen169
\tc@urx=\dimen170
\tc@ury=\dimen171
Package trimclip Info: Using driver 'tc-pdftex.def'.

(/usr/share/texlive/texmf-dist/tex/latex/adjustbox/tc-pdftex.def
File: tc-pdftex.def 2019/01/04 v2.2 Clipping driver for pdftex
))
\adjbox@Width=\dimen172
\adjbox@Height=\dimen173
\adjbox@Depth=\dimen174
\adjbox@Totalheight=\dimen175
\adjbox@pwidth=\dimen176
\adjbox@pheight=\dimen177
\adjbox@pdepth=\dimen178
\adjbox@ptotalheight=\dimen179

(/usr/share/texlive/texmf-dist/tex/latex/ifoddpage/ifoddpage.sty
Package: ifoddpage 2016/04/23 v1.1 Conditionals for odd/even page detection
\c@checkoddpage=\count273
)
(/usr/share/texlive/texmf-dist/tex/latex/varwidth/varwidth.sty
Package: varwidth 2009/03/30 ver 0.92;  Variable-width minipages
\@vwid@box=\box52
\sift@deathcycles=\count274
\@vwid@loff=\dimen180
\@vwid@roff=\dimen181
))
\c@remark=\count275

(/usr/share/texlive/texmf-dist/tex/latex/hyperref/hyperref.sty
Package: hyperref 2020/01/14 v7.00d Hypertext links for LaTeX

(/usr/share/texlive/texmf-dist/tex/generic/ltxcmds/ltxcmds.sty
Package: ltxcmds 2019/12/15 v1.24 LaTeX kernel commands for general use (HO)
)
(/usr/share/texlive/texmf-dist/tex/generic/iftex/iftex.sty
Package: iftex 2019/11/07 v1.0c TeX engine tests
)
(/usr/share/texlive/texmf-dist/tex/latex/pdftexcmds/pdftexcmds.sty
Package: pdftexcmds 2019/11/24 v0.31 Utility functions of pdfTeX for LuaTeX (HO
)

(/usr/share/texlive/texmf-dist/tex/generic/infwarerr/infwarerr.sty
Package: infwarerr 2019/12/03 v1.5 Providing info/warning/error messages (HO)
)
Package pdftexcmds Info: \pdf@primitive is available.
Package pdftexcmds Info: \pdf@ifprimitive is available.
Package pdftexcmds Info: \pdfdraftmode found.
)
(/usr/share/texlive/texmf-dist/tex/generic/kvsetkeys/kvsetkeys.sty
Package: kvsetkeys 2019/12/15 v1.18 Key value parser (HO)
)
(/usr/share/texlive/texmf-dist/tex/generic/kvdefinekeys/kvdefinekeys.sty
Package: kvdefinekeys 2019-12-19 v1.6 Define keys (HO)
)
(/usr/share/texlive/texmf-dist/tex/generic/pdfescape/pdfescape.sty
Package: pdfescape 2019/12/09 v1.15 Implements pdfTeX's escape features (HO)
)
(/usr/share/texlive/texmf-dist/tex/latex/hycolor/hycolor.sty
Package: hycolor 2020-01-27 v1.10 Color options for hyperref/bookmark (HO)
)
(/usr/share/texlive/texmf-dist/tex/latex/letltxmacro/letltxmacro.sty
Package: letltxmacro 2019/12/03 v1.6 Let assignment for LaTeX macros (HO)
)
(/usr/share/texlive/texmf-dist/tex/latex/auxhook/auxhook.sty
Package: auxhook 2019-12-17 v1.6 Hooks for auxiliary files (HO)
)
(/usr/share/texlive/texmf-dist/tex/latex/kvoptions/kvoptions.sty
Package: kvoptions 2019/11/29 v3.13 Key value format for package options (HO)
)
\@linkdim=\dimen182
\Hy@linkcounter=\count276
\Hy@pagecounter=\count277

(/usr/share/texlive/texmf-dist/tex/latex/hyperref/pd1enc.def
File: pd1enc.def 2020/01/14 v7.00d Hyperref: PDFDocEncoding definition (HO)
Now handling font encoding PD1 ...
... no UTF-8 mapping file for font encoding PD1
)
(/usr/share/texlive/texmf-dist/tex/generic/intcalc/intcalc.sty
Package: intcalc 2019/12/15 v1.3 Expandable calculations with integers (HO)
)
(/usr/share/texlive/texmf-dist/tex/generic/etexcmds/etexcmds.sty
Package: etexcmds 2019/12/15 v1.7 Avoid name clashes with e-TeX commands (HO)
)
\Hy@SavedSpaceFactor=\count278
\pdfmajorversion=\count279
Package hyperref Info: Hyper figures OFF on input line 4547.
Package hyperref Info: Link nesting OFF on input line 4552.
Package hyperref Info: Hyper index ON on input line 4555.
Package hyperref Info: Plain pages OFF on input line 4562.
Package hyperref Info: Backreferencing OFF on input line 4567.
Package hyperref Info: Implicit mode ON; LaTeX internals redefined.
Package hyperref Info: Bookmarks ON on input line 4800.
\c@Hy@tempcnt=\count280
LaTeX Info: Redefining \url on input line 5159.
\XeTeXLinkMargin=\dimen183

(/usr/share/texlive/texmf-dist/tex/generic/bitset/bitset.sty
Package: bitset 2019/12/09 v1.3 Handle bit-vector datatype (HO)

(/usr/share/texlive/texmf-dist/tex/generic/bigintcalc/bigintcalc.sty
Package: bigintcalc 2019/12/15 v1.5 Expandable calculations on big integers (HO
)
))
\Fld@menulength=\count281
\Field@Width=\dimen184
\Fld@charsize=\dimen185
Package hyperref Info: Hyper figures OFF on input line 6430.
Package hyperref Info: Link nesting OFF on input line 6435.
Package hyperref Info: Hyper index ON on input line 6438.
Package hyperref Info: backreferencing OFF on input line 6445.
Package hyperref Info: Link coloring OFF on input line 6450.
Package hyperref Info: Link coloring with OCG OFF on input line 6455.
Package hyperref Info: PDF/A mode OFF on input line 6460.
LaTeX Info: Redefining \ref on input line 6500.
LaTeX Info: Redefining \pageref on input line 6504.

(/usr/share/texlive/texmf-dist/tex/generic/atbegshi/atbegshi.sty
Package: atbegshi 2019/12/05 v1.19 At begin shipout hook (HO)
)
\Hy@abspage=\count282
\c@Item=\count283
\c@Hfootnote=\count284
)
Package hyperref Info: Driver (autodetected): hpdftex.

(/usr/share/texlive/texmf-dist/tex/latex/hyperref/hpdftex.def
File: hpdftex.def 2020/01/14 v7.00d Hyperref driver for pdfTeX

(/usr/share/texlive/texmf-dist/tex/latex/atveryend/atveryend.sty
Package: atveryend 2019-12-11 v1.11 Hooks at the very end of document (HO)
Package atveryend Info: \enddocument detected (standard20110627).
)
\Fld@listcount=\count285
\c@bookmark@seq@number=\count286

(/usr/share/texlive/texmf-dist/tex/latex/rerunfilecheck/rerunfilecheck.sty
Package: rerunfilecheck 2019/12/05 v1.9 Rerun checks for auxiliary files (HO)

(/usr/share/texlive/texmf-dist/tex/generic/uniquecounter/uniquecounter.sty
Package: uniquecounter 2019/12/15 v1.4 Provide unlimited unique counter (HO)
)
Package uniquecounter Info: New unique counter `rerunfilecheck' on input line 2
86.
)
\Hy@SectionHShift=\skip89
)
Package hyperref Info: Option `colorlinks' set `true' on input line 52.

(/usr/share/texlive/texmf-dist/tex/latex/base/fontenc.sty
Package: fontenc 2020/02/11 v2.0o Standard LaTeX package
)
(/usr/share/texlive/texmf-dist/tex/generic/babel/babel.sty
Package: babel 2020/02/14 3.40 The Babel package

(/usr/share/texlive/texmf-dist/tex/generic/babel/switch.def
File: switch.def 2020/02/14 3.40 Babel switching mechanism
)
(/usr/share/texlive/texmf-dist/tex/generic/babel-finnish/finnish.ldf
Language: finnish 2007/10/20 v1.3q Finnish support from the babel system

(/usr/share/texlive/texmf-dist/tex/generic/babel/babel.def
File: babel.def 2020/02/14 3.40 Babel common definitions
\babel@savecnt=\count287
\U@D=\dimen186

(/usr/share/texlive/texmf-dist/tex/generic/babel/txtbabel.def)
\bbl@readstream=\read2
\bbl@dirlevel=\count288
)
Package babel Info: Making " an active character on input line 89.
)
(/usr/share/texlive/texmf-dist/tex/generic/babel-english/english.ldf
Language: english 2017/06/06 v3.3r English support from the babel system
Package babel Info: \l@canadian = using hyphenrules for english
(babel)             (\language0) on input line 102.
Package babel Info: \l@australian = using hyphenrules for ukenglish
(babel)             (\language66) on input line 105.
Package babel Info: \l@newzealand = using hyphenrules for ukenglish
(babel)             (\language66) on input line 108.
))
(/usr/share/texlive/texmf-dist/tex/latex/apacite/apacite.sty
Package: apacite 2013/07/21 v6.03 APA citation
\c@BibCnt=\count289
\bibleftmargin=\skip90
\bibindent=\skip91
\bibparsep=\skip92
\bibitemsep=\skip93
\biblabelsep=\skip94
)
(/usr/share/texlive/texmf-dist/tex/latex/natbib/natbib.sty
Package: natbib 2010/09/13 8.31b (PWD, AO)
\bibhang=\skip95
\bibsep=\skip96
LaTeX Info: Redefining \cite on input line 694.
\c@NAT@ctr=\count290
)
LaTeX Info: Redefining \BBA on input line 61.

(/usr/share/texlive/texmf-dist/tex/latex/tcolorbox/tcolorbox.sty
Package: tcolorbox 2019/11/15 version 4.22 text color boxes

(/usr/share/texlive/texmf-dist/tex/latex/pgf/basiclayer/pgf.sty
(/usr/share/texlive/texmf-dist/tex/latex/pgf/utilities/pgfrcs.sty
(/usr/share/texlive/texmf-dist/tex/generic/pgf/utilities/pgfutil-common.tex
\pgfutil@everybye=\toks34
\pgfutil@tempdima=\dimen187
\pgfutil@tempdimb=\dimen188

(/usr/share/texlive/texmf-dist/tex/generic/pgf/utilities/pgfutil-common-lists.t
ex)) (/usr/share/texlive/texmf-dist/tex/generic/pgf/utilities/pgfutil-latex.def
\pgfutil@abb=\box53
(/usr/share/texlive/texmf-dist/tex/latex/ms/everyshi.sty
Package: everyshi 2001/05/15 v3.00 EveryShipout Package (MS)
))
(/usr/share/texlive/texmf-dist/tex/generic/pgf/utilities/pgfrcs.code.tex
(/usr/share/texlive/texmf-dist/tex/generic/pgf/pgf.revision.tex)
Package: pgfrcs 2020/01/08 v3.1.5b (3.1.5b)
))
Package: pgf 2020/01/08 v3.1.5b (3.1.5b)

(/usr/share/texlive/texmf-dist/tex/latex/pgf/basiclayer/pgfcore.sty
(/usr/share/texlive/texmf-dist/tex/latex/pgf/systemlayer/pgfsys.sty
(/usr/share/texlive/texmf-dist/tex/generic/pgf/systemlayer/pgfsys.code.tex
Package: pgfsys 2020/01/08 v3.1.5b (3.1.5b)

(/usr/share/texlive/texmf-dist/tex/generic/pgf/utilities/pgfkeys.code.tex)
\pgf@x=\dimen189
\pgf@y=\dimen190
\pgf@xa=\dimen191
\pgf@ya=\dimen192
\pgf@xb=\dimen193
\pgf@yb=\dimen194
\pgf@xc=\dimen195
\pgf@yc=\dimen196
\pgf@xd=\dimen197
\pgf@yd=\dimen198
\w@pgf@writea=\write3
\r@pgf@reada=\read3
\c@pgf@counta=\count291
\c@pgf@countb=\count292
\c@pgf@countc=\count293
\c@pgf@countd=\count294
\t@pgf@toka=\toks35
\t@pgf@tokb=\toks36
\t@pgf@tokc=\toks37
\pgf@sys@id@count=\count295

(/usr/share/texlive/texmf-dist/tex/generic/pgf/systemlayer/pgf.cfg
File: pgf.cfg 2020/01/08 v3.1.5b (3.1.5b)
)
Driver file for pgf: pgfsys-pdftex.def

(/usr/share/texlive/texmf-dist/tex/generic/pgf/systemlayer/pgfsys-pdftex.def
File: pgfsys-pdftex.def 2020/01/08 v3.1.5b (3.1.5b)

(/usr/share/texlive/texmf-dist/tex/generic/pgf/systemlayer/pgfsys-common-pdf.de
f
File: pgfsys-common-pdf.def 2020/01/08 v3.1.5b (3.1.5b)
)))
(/usr/share/texlive/texmf-dist/tex/generic/pgf/systemlayer/pgfsyssoftpath.code.
tex
File: pgfsyssoftpath.code.tex 2020/01/08 v3.1.5b (3.1.5b)
\pgfsyssoftpath@smallbuffer@items=\count296
\pgfsyssoftpath@bigbuffer@items=\count297
)
(/usr/share/texlive/texmf-dist/tex/generic/pgf/systemlayer/pgfsysprotocol.code.
tex
File: pgfsysprotocol.code.tex 2020/01/08 v3.1.5b (3.1.5b)
)) (/usr/share/texlive/texmf-dist/tex/latex/xcolor/xcolor.sty
Package: xcolor 2016/05/11 v2.12 LaTeX color extensions (UK)

(/usr/share/texlive/texmf-dist/tex/latex/graphics-cfg/color.cfg
File: color.cfg 2016/01/02 v1.6 sample color configuration
)
Package xcolor Info: Driver file: pdftex.def on input line 225.
LaTeX Info: Redefining \color on input line 709.
Package xcolor Info: Model `cmy' substituted by `cmy0' on input line 1348.
Package xcolor Info: Model `hsb' substituted by `rgb' on input line 1352.
Package xcolor Info: Model `RGB' extended on input line 1364.
Package xcolor Info: Model `HTML' substituted by `rgb' on input line 1366.
Package xcolor Info: Model `Hsb' substituted by `hsb' on input line 1367.
Package xcolor Info: Model `tHsb' substituted by `hsb' on input line 1368.
Package xcolor Info: Model `HSB' substituted by `hsb' on input line 1369.
Package xcolor Info: Model `Gray' substituted by `gray' on input line 1370.
Package xcolor Info: Model `wave' substituted by `hsb' on input line 1371.
)
(/usr/share/texlive/texmf-dist/tex/generic/pgf/basiclayer/pgfcore.code.tex
Package: pgfcore 2020/01/08 v3.1.5b (3.1.5b)

(/usr/share/texlive/texmf-dist/tex/generic/pgf/math/pgfmath.code.tex
(/usr/share/texlive/texmf-dist/tex/generic/pgf/math/pgfmathcalc.code.tex
(/usr/share/texlive/texmf-dist/tex/generic/pgf/math/pgfmathutil.code.tex)
(/usr/share/texlive/texmf-dist/tex/generic/pgf/math/pgfmathparser.code.tex
\pgfmath@dimen=\dimen199
\pgfmath@count=\count298
\pgfmath@box=\box54
\pgfmath@toks=\toks38
\pgfmath@stack@operand=\toks39
\pgfmath@stack@operation=\toks40
)
(/usr/share/texlive/texmf-dist/tex/generic/pgf/math/pgfmathfunctions.code.tex
(/usr/share/texlive/texmf-dist/tex/generic/pgf/math/pgfmathfunctions.basic.code
.tex)
(/usr/share/texlive/texmf-dist/tex/generic/pgf/math/pgfmathfunctions.trigonomet
ric.code.tex)
(/usr/share/texlive/texmf-dist/tex/generic/pgf/math/pgfmathfunctions.random.cod
e.tex)
(/usr/share/texlive/texmf-dist/tex/generic/pgf/math/pgfmathfunctions.comparison
.code.tex)
(/usr/share/texlive/texmf-dist/tex/generic/pgf/math/pgfmathfunctions.base.code.
tex)
(/usr/share/texlive/texmf-dist/tex/generic/pgf/math/pgfmathfunctions.round.code
.tex)
(/usr/share/texlive/texmf-dist/tex/generic/pgf/math/pgfmathfunctions.misc.code.
tex)
(/usr/share/texlive/texmf-dist/tex/generic/pgf/math/pgfmathfunctions.integerari
thmetics.code.tex)))
(/usr/share/texlive/texmf-dist/tex/generic/pgf/math/pgfmathfloat.code.tex
\c@pgfmathroundto@lastzeros=\count299
))
(/usr/share/texlive/texmf-dist/tex/generic/pgf/math/pgfint.code.tex)
(/usr/share/texlive/texmf-dist/tex/generic/pgf/basiclayer/pgfcorepoints.code.te
x
File: pgfcorepoints.code.tex 2020/01/08 v3.1.5b (3.1.5b)
\pgf@picminx=\dimen256
\pgf@picmaxx=\dimen257
\pgf@picminy=\dimen258
\pgf@picmaxy=\dimen259
\pgf@pathminx=\dimen260
\pgf@pathmaxx=\dimen261
\pgf@pathminy=\dimen262
\pgf@pathmaxy=\dimen263
\pgf@xx=\dimen264
\pgf@xy=\dimen265
\pgf@yx=\dimen266
\pgf@yy=\dimen267
\pgf@zx=\dimen268
\pgf@zy=\dimen269
)
(/usr/share/texlive/texmf-dist/tex/generic/pgf/basiclayer/pgfcorepathconstruct.
code.tex
File: pgfcorepathconstruct.code.tex 2020/01/08 v3.1.5b (3.1.5b)
\pgf@path@lastx=\dimen270
\pgf@path@lasty=\dimen271
)
(/usr/share/texlive/texmf-dist/tex/generic/pgf/basiclayer/pgfcorepathusage.code
.tex
File: pgfcorepathusage.code.tex 2020/01/08 v3.1.5b (3.1.5b)
\pgf@shorten@end@additional=\dimen272
\pgf@shorten@start@additional=\dimen273
)
(/usr/share/texlive/texmf-dist/tex/generic/pgf/basiclayer/pgfcorescopes.code.te
x
File: pgfcorescopes.code.tex 2020/01/08 v3.1.5b (3.1.5b)
\pgfpic=\box55
\pgf@hbox=\box56
\pgf@layerbox@main=\box57
\pgf@picture@serial@count=\count300
)
(/usr/share/texlive/texmf-dist/tex/generic/pgf/basiclayer/pgfcoregraphicstate.c
ode.tex
File: pgfcoregraphicstate.code.tex 2020/01/08 v3.1.5b (3.1.5b)
\pgflinewidth=\dimen274
)
(/usr/share/texlive/texmf-dist/tex/generic/pgf/basiclayer/pgfcoretransformation
s.code.tex
File: pgfcoretransformations.code.tex 2020/01/08 v3.1.5b (3.1.5b)
\pgf@pt@x=\dimen275
\pgf@pt@y=\dimen276
\pgf@pt@temp=\dimen277
)
(/usr/share/texlive/texmf-dist/tex/generic/pgf/basiclayer/pgfcorequick.code.tex
File: pgfcorequick.code.tex 2020/01/08 v3.1.5b (3.1.5b)
)
(/usr/share/texlive/texmf-dist/tex/generic/pgf/basiclayer/pgfcoreobjects.code.t
ex
File: pgfcoreobjects.code.tex 2020/01/08 v3.1.5b (3.1.5b)
)
(/usr/share/texlive/texmf-dist/tex/generic/pgf/basiclayer/pgfcorepathprocessing
.code.tex
File: pgfcorepathprocessing.code.tex 2020/01/08 v3.1.5b (3.1.5b)
)
(/usr/share/texlive/texmf-dist/tex/generic/pgf/basiclayer/pgfcorearrows.code.te
x
File: pgfcorearrows.code.tex 2020/01/08 v3.1.5b (3.1.5b)
\pgfarrowsep=\dimen278
)
(/usr/share/texlive/texmf-dist/tex/generic/pgf/basiclayer/pgfcoreshade.code.tex
File: pgfcoreshade.code.tex 2020/01/08 v3.1.5b (3.1.5b)
\pgf@max=\dimen279
\pgf@sys@shading@range@num=\count301
\pgf@shadingcount=\count302
)
(/usr/share/texlive/texmf-dist/tex/generic/pgf/basiclayer/pgfcoreimage.code.tex
File: pgfcoreimage.code.tex 2020/01/08 v3.1.5b (3.1.5b)

(/usr/share/texlive/texmf-dist/tex/generic/pgf/basiclayer/pgfcoreexternal.code.
tex
File: pgfcoreexternal.code.tex 2020/01/08 v3.1.5b (3.1.5b)
\pgfexternal@startupbox=\box58
))
(/usr/share/texlive/texmf-dist/tex/generic/pgf/basiclayer/pgfcorelayers.code.te
x
File: pgfcorelayers.code.tex 2020/01/08 v3.1.5b (3.1.5b)
)
(/usr/share/texlive/texmf-dist/tex/generic/pgf/basiclayer/pgfcoretransparency.c
ode.tex
File: pgfcoretransparency.code.tex 2020/01/08 v3.1.5b (3.1.5b)
)
(/usr/share/texlive/texmf-dist/tex/generic/pgf/basiclayer/pgfcorepatterns.code.
tex
File: pgfcorepatterns.code.tex 2020/01/08 v3.1.5b (3.1.5b)
)
(/usr/share/texlive/texmf-dist/tex/generic/pgf/basiclayer/pgfcorerdf.code.tex
File: pgfcorerdf.code.tex 2020/01/08 v3.1.5b (3.1.5b)
)))
(/usr/share/texlive/texmf-dist/tex/generic/pgf/modules/pgfmoduleshapes.code.tex
File: pgfmoduleshapes.code.tex 2020/01/08 v3.1.5b (3.1.5b)
\pgfnodeparttextbox=\box59
) (/usr/share/texlive/texmf-dist/tex/generic/pgf/modules/pgfmoduleplot.code.tex
File: pgfmoduleplot.code.tex 2020/01/08 v3.1.5b (3.1.5b)
)
(/usr/share/texlive/texmf-dist/tex/latex/pgf/compatibility/pgfcomp-version-0-65
.sty
Package: pgfcomp-version-0-65 2020/01/08 v3.1.5b (3.1.5b)
\pgf@nodesepstart=\dimen280
\pgf@nodesepend=\dimen281
)
(/usr/share/texlive/texmf-dist/tex/latex/pgf/compatibility/pgfcomp-version-1-18
.sty
Package: pgfcomp-version-1-18 2020/01/08 v3.1.5b (3.1.5b)
)) (/usr/share/texlive/texmf-dist/tex/latex/tools/verbatim.sty
Package: verbatim 2019/11/10 v1.5r LaTeX2e package for verbatim enhancements
\every@verbatim=\toks41
\verbatim@line=\toks42
\verbatim@in@stream=\read4
)
(/usr/share/texlive/texmf-dist/tex/latex/environ/environ.sty
Package: environ 2014/05/04 v0.3 A new way to define environments

(/usr/share/texlive/texmf-dist/tex/latex/trimspaces/trimspaces.sty
Package: trimspaces 2009/09/17 v1.1 Trim spaces around a token list
))
(/usr/share/texlive/texmf-dist/tex/latex/etoolbox/etoolbox.sty
Package: etoolbox 2019/09/21 v2.5h e-TeX tools for LaTeX (JAW)
\etb@tempcnta=\count303
)
\tcb@titlebox=\box60
\tcb@upperbox=\box61
\tcb@lowerbox=\box62
\tcb@phantombox=\box63
\c@tcbbreakpart=\count304
\c@tcblayer=\count305
\tcolorbox@number=\count306
\tcb@temp=\box64
\tcb@temp=\box65
\tcb@temp=\box66
\tcb@temp=\box67
\tcb@out=\write4
\tcb@record@out=\write5
)
(/usr/share/texlive/texmf-dist/tex/latex/algorithms/algorithm.sty
Package: algorithm 2009/08/24 v0.1 Document Style `algorithm' - floating enviro
nment

(/usr/share/texlive/texmf-dist/tex/latex/base/ifthen.sty
Package: ifthen 2014/09/29 v1.1c Standard LaTeX ifthen package (DPC)
)
\@float@every@algorithm=\toks43
\c@algorithm=\count307
)
(/usr/share/texlive/texmf-dist/tex/latex/algorithmicx/algpseudocode.sty
Package: algpseudocode 

(/usr/share/texlive/texmf-dist/tex/latex/algorithmicx/algorithmicx.sty
Package: algorithmicx 2005/04/27 v1.2 Algorithmicx

Document Style algorithmicx 1.2 - a greatly improved `algorithmic' style
\c@ALG@line=\count308
\c@ALG@rem=\count309
\c@ALG@nested=\count310
\ALG@tlm=\skip97
\ALG@thistlm=\skip98
\c@ALG@Lnr=\count311
\c@ALG@blocknr=\count312
\c@ALG@storecount=\count313
\c@ALG@tmpcounter=\count314
\ALG@tmplength=\skip99
)
Document Style - pseudocode environments for use with the `algorithmicx' style
) (/usr/share/texlive/texmf-dist/tex/latex/upquote/upquote.sty
Package: upquote 2012/04/19 v1.3 upright-quote and grave-accent glyphs in verba
tim

(/usr/share/texlive/texmf-dist/tex/latex/base/textcomp.sty
Package: textcomp 2020/02/02 v2.0n Standard LaTeX package
))
(/usr/share/texlive/texmf-dist/tex/latex/l3backend/l3backend-pdfmode.def
File: l3backend-pdfmode.def 2020-02-03 L3 backend support: PDF mode
\l__kernel_color_stack_int=\count315
\l__pdf_internal_box=\box68
)
(./Joni_Paakko_-_Thesis.aux)
\openout1 = `Joni_Paakko_-_Thesis.aux'.

LaTeX Font Info:    Checking defaults for OML/cmm/m/it on input line 71.
LaTeX Font Info:    ... okay on input line 71.
LaTeX Font Info:    Checking defaults for OMS/cmsy/m/n on input line 71.
LaTeX Font Info:    ... okay on input line 71.
LaTeX Font Info:    Checking defaults for OT1/cmr/m/n on input line 71.
LaTeX Font Info:    ... okay on input line 71.
LaTeX Font Info:    Checking defaults for T1/cmr/m/n on input line 71.
LaTeX Font Info:    ... okay on input line 71.
LaTeX Font Info:    Checking defaults for TS1/cmr/m/n on input line 71.
LaTeX Font Info:    ... okay on input line 71.
LaTeX Font Info:    Checking defaults for OMX/cmex/m/n on input line 71.
LaTeX Font Info:    ... okay on input line 71.
LaTeX Font Info:    Checking defaults for U/cmr/m/n on input line 71.
LaTeX Font Info:    ... okay on input line 71.
LaTeX Font Info:    Checking defaults for PD1/pdf/m/n on input line 71.
LaTeX Font Info:    ... okay on input line 71.

(/usr/share/texlive/texmf-dist/tex/context/base/mkii/supp-pdf.mkii
[Loading MPS to PDF converter (version 2006.09.02).]
\scratchcounter=\count316
\scratchdimen=\dimen282
\scratchbox=\box69
\nofMPsegments=\count317
\nofMParguments=\count318
\everyMPshowfont=\toks44
\MPscratchCnt=\count319
\MPscratchDim=\dimen283
\MPnumerator=\count320
\makeMPintoPDFobject=\count321
\everyMPtoPDFconversion=\toks45
) (/usr/share/texlive/texmf-dist/tex/latex/epstopdf-pkg/epstopdf-base.sty
Package: epstopdf-base 2020-01-24 v2.11 Base part for package epstopdf
Package epstopdf-base Info: Redefining graphics rule for `.eps' on input line 4
85.

(/usr/share/texlive/texmf-dist/tex/latex/latexconfig/epstopdf-sys.cfg
File: epstopdf-sys.cfg 2010/07/13 v1.3 Configuration of (r)epstopdf for TeX Liv
e
))
\c@lstlisting=\count322
\AtBeginShipoutBox=\box70
Package hyperref Info: Link coloring ON on input line 71.

(/usr/share/texlive/texmf-dist/tex/latex/hyperref/nameref.sty
Package: nameref 2019/09/16 v2.46 Cross-referencing by name of section

(/usr/share/texlive/texmf-dist/tex/latex/refcount/refcount.sty
Package: refcount 2019/12/15 v3.6 Data extraction from label references (HO)
)
(/usr/share/texlive/texmf-dist/tex/generic/gettitlestring/gettitlestring.sty
Package: gettitlestring 2019/12/15 v1.6 Cleanup title references (HO)
)
\c@section@level=\count323
)
LaTeX Info: Redefining \ref on input line 71.
LaTeX Info: Redefining \pageref on input line 71.
LaTeX Info: Redefining \nameref on input line 71.

(./Joni_Paakko_-_Thesis.out) (./Joni_Paakko_-_Thesis.out)
\@outlinefile=\write6
\openout6 = `Joni_Paakko_-_Thesis.out'.

\c@maskedRefs=\count324

(/usr/share/texlive/texmf-dist/tex/latex/apacite/english.apc
File: english.apc 2013/07/21 v6.03 apacite language file
LaTeX Info: Redefining \BPBI on input line 129.
LaTeX Info: Redefining \BHBI on input line 130.
)
ABD: EveryShipout initializing macros [1

{/var/lib/texmf/fonts/map/pdftex/updmap/pdftex.map}] [2] (./Joni_Paakko_-_Thesi
s.toc [3])
\tf@toc=\write7
\openout7 = `Joni_Paakko_-_Thesis.toc'.

 [4]

Package xcolor Warning: Incompatible color definition on input line 140.

<figure/unnamed-chunk-2-1.pdf, id=289, 289.08pt x 289.08pt>
File: figure/unnamed-chunk-2-1.pdf Graphic file (type pdf)
<use figure/unnamed-chunk-2-1.pdf>
Package pdftex.def Info: figure/unnamed-chunk-2-1.pdf  used on input line 141.
(pdftex.def)             Requested size: 289.07928pt x 289.09251pt.
pdfTeX warning (ext4): destination with the same identifier (name{page.1}) has 
been already used, duplicate ignored
<to be read again> 
                   \relax 
l.156 
       [1]pdfTeX warning (ext4): destination with the same identifier (name{pag
e.2}) has been already used, duplicate ignored
<to be read again> 
                   \relax 
l.166 
       [2 <./figure/unnamed-chunk-2-1.pdf>]pdfTeX warning (ext4): destination w
ith the same identifier (name{page.3}) has been already used, duplicate ignored

<to be read again> 
                   \relax 
l.182 
       [3]pdfTeX warning (ext4): destination with the same identifier (name{pag
e.4}) has been already used, duplicate ignored
<to be read again> 
                   \relax 
l.183 \newpage
               [4]
<./figures/DiscriminationTask.png, id=349, 426.84468pt x 227.34938pt>
File: ./figures/DiscriminationTask.png Graphic file (type png)
<use ./figures/DiscriminationTask.png>
Package pdftex.def Info: ./figures/DiscriminationTask.png  used on input line 1
96.
(pdftex.def)             Requested size: 213.42181pt x 113.67441pt.
 [5 <./figures/DiscriminationTask.png (PNG copy)>]

Package hyperref Warning: Token not allowed in a PDF string (PDFDocEncoding):
(hyperref)                removing `math shift' on input line 211.


Package hyperref Warning: Token not allowed in a PDF string (PDFDocEncoding):
(hyperref)                removing `math shift' on input line 211.


Package xcolor Warning: Incompatible color definition on input line 220.

<figure/unnamed-chunk-3-1.pdf, id=367, 505.89pt x 289.08pt>
File: figure/unnamed-chunk-3-1.pdf Graphic file (type pdf)
<use figure/unnamed-chunk-3-1.pdf>
Package pdftex.def Info: figure/unnamed-chunk-3-1.pdf  used on input line 221.
(pdftex.def)             Requested size: 433.62pt x 247.7879pt.
[6 <./figure/unnamed-chunk-3-1.pdf>]

Package xcolor Warning: Incompatible color definition on input line 246.

<figure/unnamed-chunk-4-1.pdf, id=404, 505.89pt x 289.08pt>
File: figure/unnamed-chunk-4-1.pdf Graphic file (type pdf)
<use figure/unnamed-chunk-4-1.pdf>
Package pdftex.def Info: figure/unnamed-chunk-4-1.pdf  used on input line 247.
(pdftex.def)             Requested size: 433.62pt x 247.7879pt.

Package hyperref Warning: Token not allowed in a PDF string (PDFDocEncoding):
(hyperref)                removing `math shift' on input line 254.


Package hyperref Warning: Token not allowed in a PDF string (PDFDocEncoding):
(hyperref)                removing `math shift' on input line 254.

[7 <./figure/unnamed-chunk-4-1.pdf>]
<./figures/YesNoAfc.png, id=426, 426.84468pt x 341.77687pt>
File: ./figures/YesNoAfc.png Graphic file (type png)
<use ./figures/YesNoAfc.png>
Package pdftex.def Info: ./figures/YesNoAfc.png  used on input line 260.
(pdftex.def)             Requested size: 213.42181pt x 170.88802pt.


Package xcolor Warning: Incompatible color definition on input line 280.

<figure/unnamed-chunk-5-1.pdf, id=435, 505.89pt x 252.945pt>
File: figure/unnamed-chunk-5-1.pdf Graphic file (type pdf)
<use figure/unnamed-chunk-5-1.pdf>
Package pdftex.def Info: figure/unnamed-chunk-5-1.pdf  used on input line 281.
(pdftex.def)             Requested size: 433.62pt x 216.81442pt.
[8 <./figures/YesNoAfc.png>] [9 <./figure/unnamed-chunk-5-1.pdf>]

Package xcolor Warning: Incompatible color definition on input line 320.

<figure/unnamed-chunk-6-1.pdf, id=475, 505.89pt x 252.945pt>
File: figure/unnamed-chunk-6-1.pdf Graphic file (type pdf)
<use figure/unnamed-chunk-6-1.pdf>
Package pdftex.def Info: figure/unnamed-chunk-6-1.pdf  used on input line 321.
(pdftex.def)             Requested size: 433.62pt x 216.81442pt.
[10]

Package xcolor Warning: Incompatible color definition on input line 345.

<figure/unnamed-chunk-7-1.pdf, id=484, 505.89pt x 505.89pt>
File: figure/unnamed-chunk-7-1.pdf Graphic file (type pdf)
<use figure/unnamed-chunk-7-1.pdf>
Package pdftex.def Info: figure/unnamed-chunk-7-1.pdf  used on input line 346.
(pdftex.def)             Requested size: 433.62pt x 433.62885pt.
[11 <./figure/unnamed-chunk-6-1.pdf>] [12 <./figure/unnamed-chunk-7-1.pdf>]

Package xcolor Warning: Incompatible color definition on input line 380.

<figure/unnamed-chunk-8-1.pdf, id=515, 505.89pt x 252.945pt>
File: figure/unnamed-chunk-8-1.pdf Graphic file (type pdf)
<use figure/unnamed-chunk-8-1.pdf>
Package pdftex.def Info: figure/unnamed-chunk-8-1.pdf  used on input line 381.
(pdftex.def)             Requested size: 433.62pt x 216.81442pt.

Package hyperref Warning: Token not allowed in a PDF string (PDFDocEncoding):
(hyperref)                removing `math shift' on input line 387.


Package hyperref Warning: Token not allowed in a PDF string (PDFDocEncoding):
(hyperref)                removing `math shift' on input line 387.

[13 <./figure/unnamed-chunk-8-1.pdf>]

Package xcolor Warning: Incompatible color definition on input line 413.

<figure/unnamed-chunk-9-1.pdf, id=529, 252.945pt x 252.945pt>
File: figure/unnamed-chunk-9-1.pdf Graphic file (type pdf)
<use figure/unnamed-chunk-9-1.pdf>
Package pdftex.def Info: figure/unnamed-chunk-9-1.pdf  used on input line 414.
(pdftex.def)             Requested size: 252.94438pt x 252.94823pt.
[14 <./figure/unnamed-chunk-9-1.pdf>] [15]

Package xcolor Warning: Incompatible color definition on input line 489.

<figure/unnamed-chunk-10-1.pdf, id=562, 505.89pt x 289.08pt>
File: figure/unnamed-chunk-10-1.pdf Graphic file (type pdf)
<use figure/unnamed-chunk-10-1.pdf>
Package pdftex.def Info: figure/unnamed-chunk-10-1.pdf  used on input line 490.

(pdftex.def)             Requested size: 433.62pt x 247.7879pt.
[16] [17 <./figure/unnamed-chunk-10-1.pdf>]

Package xcolor Warning: Incompatible color definition on input line 524.

<figure/unnamed-chunk-11-1.pdf, id=593, 505.89pt x 433.62pt>
File: figure/unnamed-chunk-11-1.pdf Graphic file (type pdf)
<use figure/unnamed-chunk-11-1.pdf>
Package pdftex.def Info: figure/unnamed-chunk-11-1.pdf  used on input line 525.

(pdftex.def)             Requested size: 433.62pt x 371.68188pt.
[18] [19 <./figure/unnamed-chunk-11-1.pdf>] [20]
Underfull \hbox (badness 10000) in paragraph at lines 615--615

 []


Underfull \hbox (badness 10000) in paragraph at lines 615--615

 []


Underfull \hbox (badness 10000) in paragraph at lines 616--616

 []


Underfull \hbox (badness 10000) in paragraph at lines 616--616

 []

[21]

Package xcolor Warning: Incompatible color definition on input line 636.

<figure/unnamed-chunk-12-1.pdf, id=708, 289.08pt x 289.08pt>
File: figure/unnamed-chunk-12-1.pdf Graphic file (type pdf)
<use figure/unnamed-chunk-12-1.pdf>
Package pdftex.def Info: figure/unnamed-chunk-12-1.pdf  used on input line 637.

(pdftex.def)             Requested size: 289.07928pt x 289.09251pt.
[22]
<./figures/Process_model.png, id=737, 455.45157pt x 199.49532pt>
File: ./figures/Process_model.png Graphic file (type png)
<use ./figures/Process_model.png>
Package pdftex.def Info: ./figures/Process_model.png  used on input line 655.
(pdftex.def)             Requested size: 364.36174pt x 159.59645pt.
 [23 <./figure/unnamed-chunk-12-1.pdf>] [24 <./figures/Process_model.png>]
[25] [26] [27]
Overfull \hbox (42.99171pt too wide) in paragraph at lines 745--746
[]\T1/cmr/m/n/10 Note that usu-ally the log-a-rith-mic like-li-hood func-tion i
s used of nu-mer-i-cal sta-bil-ity, $[][] \OML/cmm/m/it/10 ln []\OT1/cmr/m/n/10
 (\OML/cmm/b/it/10 R[]\OML/cmm/m/it/10 ; \OML/cmm/b/it/10 S[]\OT1/cmr/m/n/10 ; 
\OML/cmm/m/it/10 ^^R; M\OT1/cmr/m/n/10 )$\T1/cmr/m/n/10 ,
 []


Overfull \hbox (3.25015pt too wide) in paragraph at lines 749--750
\T1/cmr/m/n/10 rep-re-sented by the dashed line in Fig-ure [][]15[][], which th
en re-sults in the pos-te-rior dis-tri-bu-tion $\OML/cmm/m/it/10 P\OT1/cmr/m/n/
10 (\OML/cmm/m/it/10 ^^R\OMS/cmsy/m/n/10 j\OML/cmm/m/it/10 Data\OT1/cmr/m/n/10 
)$\T1/cmr/m/n/10 ,
 []


Package xcolor Warning: Incompatible color definition on input line 754.

<figure/unnamed-chunk-13-1.pdf, id=867, 505.89pt x 252.945pt>
File: figure/unnamed-chunk-13-1.pdf Graphic file (type pdf)
<use figure/unnamed-chunk-13-1.pdf>
Package pdftex.def Info: figure/unnamed-chunk-13-1.pdf  used on input line 755.

(pdftex.def)             Requested size: 433.62pt x 216.81442pt.
[28 <./figure/unnamed-chunk-13-1.pdf>]

Package xcolor Warning: Incompatible color definition on input line 776.

<figure/unnamed-chunk-14-1.pdf, id=890, 505.89pt x 216.81pt>
File: figure/unnamed-chunk-14-1.pdf Graphic file (type pdf)
<use figure/unnamed-chunk-14-1.pdf>
Package pdftex.def Info: figure/unnamed-chunk-14-1.pdf  used on input line 777.

(pdftex.def)             Requested size: 433.62pt x 185.84093pt.

Underfull \hbox (badness 1199) in paragraph at lines 786--786
[][][]\T1/cmr/m/n/8 Andrew Gel-man has col-lected a bunch of dif-fer-ent names 
for hi-er-ar-chi-cal mod-els in to a blog post:
 []

[29 <./figure/unnamed-chunk-14-1.pdf>]
<./figures/Hierarchical_model_for_groups.png, id=912, 398.05203pt x 199.07756pt
>
File: ./figures/Hierarchical_model_for_groups.png Graphic file (type png)
<use ./figures/Hierarchical_model_for_groups.png>
Package pdftex.def Info: ./figures/Hierarchical_model_for_groups.png  used on i
nput line 797.
(pdftex.def)             Requested size: 398.05106pt x 199.07706pt.
 [30 <./figures/Hierarchical_model_for_groups.png (PNG copy)>]
<./figures/Basic_hierarchical_mixture_model.png, id=932, 255.70615pt x 199.4652
pt>
File: ./figures/Basic_hierarchical_mixture_model.png Graphic file (type png)
<use ./figures/Basic_hierarchical_mixture_model.png>
Package pdftex.def Info: ./figures/Basic_hierarchical_mixture_model.png  used o
n input line 814.
(pdftex.def)             Requested size: 191.77913pt x 149.59853pt.
 [31 <./figures/Basic_hierarchical_mixture_model.png (PNG copy)>] [32]

Package xcolor Warning: Incompatible color definition on input line 865.

<figure/mcapprox-1.pdf, id=970, 505.89pt x 252.945pt>
File: figure/mcapprox-1.pdf Graphic file (type pdf)
<use figure/mcapprox-1.pdf>
Package pdftex.def Info: figure/mcapprox-1.pdf  used on input line 866.
(pdftex.def)             Requested size: 433.62pt x 216.81442pt.
[33 <./figure/mcapprox-1.pdf>]
Package hyperref Info: bookmark level for unknown algorithm defaults to 0 on in
put line 886.


Package xcolor Warning: Incompatible color definition on input line 905.

<figure/degeneracy-1.pdf, id=990, 505.89pt x 289.08pt>
File: figure/degeneracy-1.pdf Graphic file (type pdf)
<use figure/degeneracy-1.pdf>
Package pdftex.def Info: figure/degeneracy-1.pdf  used on input line 906.
(pdftex.def)             Requested size: 433.62pt x 247.7879pt.
[34] [35 <./figure/degeneracy-1.pdf>]

Package xcolor Warning: Incompatible color definition on input line 957.

<figure/lapapp-1.pdf, id=1024, 505.89pt x 289.08pt>
File: figure/lapapp-1.pdf Graphic file (type pdf)
<use figure/lapapp-1.pdf>
Package pdftex.def Info: figure/lapapp-1.pdf  used on input line 958.
(pdftex.def)             Requested size: 433.62pt x 247.7879pt.
[36 <./figure/lapapp-1.pdf>] [37] [38] [39]

Package xcolor Warning: Incompatible color definition on input line 1051.

<figure/unnamed-chunk-15-1.pdf, id=1150, 505.89pt x 289.08pt>
File: figure/unnamed-chunk-15-1.pdf Graphic file (type pdf)
<use figure/unnamed-chunk-15-1.pdf>
Package pdftex.def Info: figure/unnamed-chunk-15-1.pdf  used on input line 1052
.
(pdftex.def)             Requested size: 433.62pt x 247.7879pt.
[40] [41 <./figure/unnamed-chunk-15-1.pdf>] [42] [43]

Package xcolor Warning: Incompatible color definition on input line 1147.

<figure/unnamed-chunk-16-1.pdf, id=1250, 505.89pt x 505.89pt>
File: figure/unnamed-chunk-16-1.pdf Graphic file (type pdf)
<use figure/unnamed-chunk-16-1.pdf>
Package pdftex.def Info: figure/unnamed-chunk-16-1.pdf  used on input line 1148
.
(pdftex.def)             Requested size: 433.62pt x 433.62885pt.
[44]
Overfull \vbox (28.82152pt too high) has occurred while \output is active []


[45 <./figure/unnamed-chunk-16-1.pdf>]
<./figures/simulation_YN_sensory_sq_error.png, id=1279, 505.89pt x 252.945pt>
File: ./figures/simulation_YN_sensory_sq_error.png Graphic file (type png)
<use ./figures/simulation_YN_sensory_sq_error.png>
Package pdftex.def Info: ./figures/simulation_YN_sensory_sq_error.png  used on 
input line 1206.
(pdftex.def)             Requested size: 379.41655pt x 189.70828pt.
<./figures/simulation_YN_interaction_sq_error.png, id=1280, 505.89pt x 252.945p
t>
File: ./figures/simulation_YN_interaction_sq_error.png Graphic file (type png)
<use ./figures/simulation_YN_interaction_sq_error.png>
Package pdftex.def Info: ./figures/simulation_YN_interaction_sq_error.png  used
 on input line 1213.
(pdftex.def)             Requested size: 379.41655pt x 189.70828pt.
 [46 <./figures/simulation_YN_sensory_sq_error.png>]
<./figures/simulation_YN_sensory_SD.png, id=1290, 505.89pt x 252.945pt>
File: ./figures/simulation_YN_sensory_SD.png Graphic file (type png)
<use ./figures/simulation_YN_sensory_SD.png>
Package pdftex.def Info: ./figures/simulation_YN_sensory_SD.png  used on input 
line 1220.
(pdftex.def)             Requested size: 379.41655pt x 189.70828pt.
<./figures/simulation_YN_interaction_SD.png, id=1291, 505.89pt x 252.945pt>
File: ./figures/simulation_YN_interaction_SD.png Graphic file (type png)
<use ./figures/simulation_YN_interaction_SD.png>
Package pdftex.def Info: ./figures/simulation_YN_interaction_SD.png  used on in
put line 1227.
(pdftex.def)             Requested size: 379.41655pt x 189.70828pt.
 [47 <./figures/simulation_YN_interaction_sq_error.png> <./figures/simulation_Y
N_sensory_SD.png>]
<./figures/simulation_AFC_sensory_sq_error.png, id=1300, 505.89pt x 252.945pt>
File: ./figures/simulation_AFC_sensory_sq_error.png Graphic file (type png)
<use ./figures/simulation_AFC_sensory_sq_error.png>
Package pdftex.def Info: ./figures/simulation_AFC_sensory_sq_error.png  used on
 input line 1234.
(pdftex.def)             Requested size: 379.41655pt x 189.70828pt.
<./figures/simulation_AFC_interaction_sq_error.png, id=1301, 505.89pt x 252.945
pt>
File: ./figures/simulation_AFC_interaction_sq_error.png Graphic file (type png)

<use ./figures/simulation_AFC_interaction_sq_error.png>
Package pdftex.def Info: ./figures/simulation_AFC_interaction_sq_error.png  use
d on input line 1241.
(pdftex.def)             Requested size: 379.41655pt x 189.70828pt.
 [48 <./figures/simulation_YN_interaction_SD.png> <./figures/simulation_AFC_sen
sory_sq_error.png>]
<./figures/simulation_AFC_sensory_SD.png, id=1311, 505.89pt x 252.945pt>
File: ./figures/simulation_AFC_sensory_SD.png Graphic file (type png)
<use ./figures/simulation_AFC_sensory_SD.png>
Package pdftex.def Info: ./figures/simulation_AFC_sensory_SD.png  used on input
 line 1248.
(pdftex.def)             Requested size: 379.41655pt x 189.70828pt.
<./figures/simulation_AFC_interaction_SD.png, id=1312, 505.89pt x 252.945pt>
File: ./figures/simulation_AFC_interaction_SD.png Graphic file (type png)
<use ./figures/simulation_AFC_interaction_SD.png>
Package pdftex.def Info: ./figures/simulation_AFC_interaction_SD.png  used on i
nput line 1255.
(pdftex.def)             Requested size: 379.41655pt x 189.70828pt.
 [49 <./figures/simulation_AFC_interaction_sq_error.png> <./figures/simulation_
AFC_sensory_SD.png>]
<./figures/qs_YN_SD.png, id=1326, 361.35pt x 289.08pt>
File: ./figures/qs_YN_SD.png Graphic file (type png)
<use ./figures/qs_YN_SD.png>
Package pdftex.def Info: ./figures/qs_YN_SD.png  used on input line 1270.
(pdftex.def)             Requested size: 271.01184pt x 216.80946pt.
 [50 <./figures/simulation_AFC_interaction_SD.png>]
<./figures/qs_YN_sq_error.png, id=1336, 361.35pt x 289.08pt>
File: ./figures/qs_YN_sq_error.png Graphic file (type png)
<use ./figures/qs_YN_sq_error.png>
Package pdftex.def Info: ./figures/qs_YN_sq_error.png  used on input line 1277.

(pdftex.def)             Requested size: 271.01184pt x 216.80946pt.
<./figures/qs_AFC_SD.png, id=1337, 361.35pt x 252.945pt>
File: ./figures/qs_AFC_SD.png Graphic file (type png)
<use ./figures/qs_AFC_SD.png>
Package pdftex.def Info: ./figures/qs_AFC_SD.png  used on input line 1284.
(pdftex.def)             Requested size: 271.01184pt x 189.70828pt.
 [51 <./figures/qs_YN_SD.png> <./figures/qs_YN_sq_error.png>]
<./figures/qs_AFC_sq_error.png, id=1346, 361.35pt x 252.945pt>
File: ./figures/qs_AFC_sq_error.png Graphic file (type png)
<use ./figures/qs_AFC_sq_error.png>
Package pdftex.def Info: ./figures/qs_AFC_sq_error.png  used on input line 1291
.
(pdftex.def)             Requested size: 271.01184pt x 189.70828pt.
 [52 <./figures/qs_AFC_SD.png> <./figures/qs_AFC_sq_error.png>] [53] [54]

Package xcolor Warning: Incompatible color definition on input line 1361.

<figure/unnamed-chunk-17-1.pdf, id=1395, 505.89pt x 361.35pt>
File: figure/unnamed-chunk-17-1.pdf Graphic file (type pdf)
<use figure/unnamed-chunk-17-1.pdf>
Package pdftex.def Info: figure/unnamed-chunk-17-1.pdf  used on input line 1362
.
(pdftex.def)             Requested size: 433.62pt x 309.7349pt.
[55 <./figure/unnamed-chunk-17-1.pdf>] [56]
<./figures/Analysis_of_Human_Data/OK_YN_Basic_models.png, id=1418, 505.89pt x 7
22.7pt>
File: ./figures/Analysis_of_Human_Data/OK_YN_Basic_models.png Graphic file (typ
e png)
<use ./figures/Analysis_of_Human_Data/OK_YN_Basic_models.png>
Package pdftex.def Info: ./figures/Analysis_of_Human_Data/OK_YN_Basic_models.pn
g  used on input line 1463.
(pdftex.def)             Requested size: 379.41655pt x 542.02367pt.
 [57]
<./figures/Analysis_of_Human_Data/OK_AFC_Basic_models.png, id=1425, 505.89pt x 
722.7pt>
File: ./figures/Analysis_of_Human_Data/OK_AFC_Basic_models.png Graphic file (ty
pe png)
<use ./figures/Analysis_of_Human_Data/OK_AFC_Basic_models.png>
Package pdftex.def Info: ./figures/Analysis_of_Human_Data/OK_AFC_Basic_models.p
ng  used on input line 1470.
(pdftex.def)             Requested size: 379.41655pt x 542.02367pt.
 [58 <./figures/Analysis_of_Human_Data/OK_YN_Basic_models.png>]
<./figures/Analysis_of_Human_Data/OK_YN_post_pred.png, id=1432, 722.7pt x 505.8
9pt>
File: ./figures/Analysis_of_Human_Data/OK_YN_post_pred.png Graphic file (type p
ng)
<use ./figures/Analysis_of_Human_Data/OK_YN_post_pred.png>
Package pdftex.def Info: ./figures/Analysis_of_Human_Data/OK_YN_post_pred.png  
used on input line 1477.
(pdftex.def)             Requested size: 542.02367pt x 379.41655pt.
 [59 <./figures/Analysis_of_Human_Data/OK_AFC_Basic_models.png>]
<./figures/Analysis_of_Human_Data/OK_AFC_post_pred.png, id=1440, 722.7pt x 505.
89pt>
File: ./figures/Analysis_of_Human_Data/OK_AFC_post_pred.png Graphic file (type 
png)
<use ./figures/Analysis_of_Human_Data/OK_AFC_post_pred.png>
Package pdftex.def Info: ./figures/Analysis_of_Human_Data/OK_AFC_post_pred.png 
 used on input line 1484.
(pdftex.def)             Requested size: 542.02367pt x 379.41655pt.
 [60 <./figures/Analysis_of_Human_Data/OK_YN_post_pred.png>]
[61 <./figures/Analysis_of_Human_Data/OK_AFC_post_pred.png>]
<./figures/Analysis_of_Human_Data/OK_YN_AFC_Both.png, id=1459, 505.89pt x 722.7
pt>
File: ./figures/Analysis_of_Human_Data/OK_YN_AFC_Both.png Graphic file (type pn
g)
<use ./figures/Analysis_of_Human_Data/OK_YN_AFC_Both.png>
Package pdftex.def Info: ./figures/Analysis_of_Human_Data/OK_YN_AFC_Both.png  u
sed on input line 1505.
(pdftex.def)             Requested size: 379.41655pt x 542.02367pt.
 [62]
<./figures/Analysis_of_Human_Data/OK_post_pred_both.png, id=1464, 722.7pt x 722
.7pt>
File: ./figures/Analysis_of_Human_Data/OK_post_pred_both.png Graphic file (type
 png)
<use ./figures/Analysis_of_Human_Data/OK_post_pred_both.png>
Package pdftex.def Info: ./figures/Analysis_of_Human_Data/OK_post_pred_both.png
  used on input line 1512.
(pdftex.def)             Requested size: 361.3491pt x 361.3491pt.
 [63 <./figures/Analysis_of_Human_Data/OK_YN_AFC_Both.png>]
<./figures/Analysis_of_Human_Data/JP_YN_Basic_models.png, id=1472, 505.89pt x 7
22.7pt>
File: ./figures/Analysis_of_Human_Data/JP_YN_Basic_models.png Graphic file (typ
e png)
<use ./figures/Analysis_of_Human_Data/JP_YN_Basic_models.png>
Package pdftex.def Info: ./figures/Analysis_of_Human_Data/JP_YN_Basic_models.pn
g  used on input line 1525.
(pdftex.def)             Requested size: 379.41655pt x 542.02367pt.
 [64 <./figures/Analysis_of_Human_Data/OK_post_pred_both.png>]
<./figures/Analysis_of_Human_Data/JP_AFC_Basic_models.png, id=1480, 505.89pt x 
722.7pt>
File: ./figures/Analysis_of_Human_Data/JP_AFC_Basic_models.png Graphic file (ty
pe png)
<use ./figures/Analysis_of_Human_Data/JP_AFC_Basic_models.png>
Package pdftex.def Info: ./figures/Analysis_of_Human_Data/JP_AFC_Basic_models.p
ng  used on input line 1532.
(pdftex.def)             Requested size: 379.41655pt x 542.02367pt.
 [65 <./figures/Analysis_of_Human_Data/JP_YN_Basic_models.png>]
<./figures/Analysis_of_Human_Data/JP_YN_post_pred.png, id=1487, 722.7pt x 505.8
9pt>
File: ./figures/Analysis_of_Human_Data/JP_YN_post_pred.png Graphic file (type p
ng)
<use ./figures/Analysis_of_Human_Data/JP_YN_post_pred.png>
Package pdftex.def Info: ./figures/Analysis_of_Human_Data/JP_YN_post_pred.png  
used on input line 1539.
(pdftex.def)             Requested size: 542.02367pt x 379.41655pt.
 [66 <./figures/Analysis_of_Human_Data/JP_AFC_Basic_models.png>]
<./figures/Analysis_of_Human_Data/JP_AFC_post_pred.png, id=1494, 722.7pt x 505.
89pt>
File: ./figures/Analysis_of_Human_Data/JP_AFC_post_pred.png Graphic file (type 
png)
<use ./figures/Analysis_of_Human_Data/JP_AFC_post_pred.png>
Package pdftex.def Info: ./figures/Analysis_of_Human_Data/JP_AFC_post_pred.png 
 used on input line 1546.
(pdftex.def)             Requested size: 542.02367pt x 379.41655pt.

[67 <./figures/Analysis_of_Human_Data/JP_YN_post_pred.png>]
<./figures/Analysis_of_Human_Data/JP_YN_AFC_Both.png, id=1502, 505.89pt x 722.7
pt>
File: ./figures/Analysis_of_Human_Data/JP_YN_AFC_Both.png Graphic file (type pn
g)
<use ./figures/Analysis_of_Human_Data/JP_YN_AFC_Both.png>
Package pdftex.def Info: ./figures/Analysis_of_Human_Data/JP_YN_AFC_Both.png  u
sed on input line 1559.
(pdftex.def)             Requested size: 379.41655pt x 542.02367pt.
 [68 <./figures/Analysis_of_Human_Data/JP_AFC_post_pred.png>] [69 <./figures/An
alysis_of_Human_Data/JP_YN_AFC_Both.png>]

Package hyperref Warning: Token not allowed in a PDF string (PDFDocEncoding):
(hyperref)                removing `math shift' on input line 1568.


Package hyperref Warning: Token not allowed in a PDF string (PDFDocEncoding):
(hyperref)                removing `\kappa' on input line 1568.


Package hyperref Warning: Token not allowed in a PDF string (PDFDocEncoding):
(hyperref)                removing `subscript' on input line 1568.


Package hyperref Warning: Token not allowed in a PDF string (PDFDocEncoding):
(hyperref)                removing `\sigma' on input line 1568.


Package hyperref Warning: Token not allowed in a PDF string (PDFDocEncoding):
(hyperref)                removing `math shift' on input line 1568.

<./figures/Analysis_of_Human_Data/JP_YN_AFC_Both_T.png, id=1520, 505.89pt x 722
.7pt>
File: ./figures/Analysis_of_Human_Data/JP_YN_AFC_Both_T.png Graphic file (type 
png)
<use ./figures/Analysis_of_Human_Data/JP_YN_AFC_Both_T.png>
Package pdftex.def Info: ./figures/Analysis_of_Human_Data/JP_YN_AFC_Both_T.png 
 used on input line 1572.
(pdftex.def)             Requested size: 379.41655pt x 542.02367pt.
[70]
<./figures/Analysis_of_Human_Data/JP_post_pred_both_truncated.png, id=1526, 722
.7pt x 722.7pt>
File: ./figures/Analysis_of_Human_Data/JP_post_pred_both_truncated.png Graphic 
file (type png)
<use ./figures/Analysis_of_Human_Data/JP_post_pred_both_truncated.png>
Package pdftex.def Info: ./figures/Analysis_of_Human_Data/JP_post_pred_both_tru
ncated.png  used on input line 1579.
(pdftex.def)             Requested size: 361.3491pt x 361.3491pt.
 [71 <./figures/Analysis_of_Human_Data/JP_YN_AFC_Both_T.png>] [72 <./figures/An
alysis_of_Human_Data/JP_post_pred_both_truncated.png>]

LaTeX Warning: Reference `fig:fig:JP_YN_post_pred' on page 73 undefined on inpu
t line 1629.

[73] [74] [75] [76] [77] (./Joni_Paakko_-_Thesis.bbl [78

]
LaTeX Font Info:    Trying to load font information for T1+cmtt on input line 7
12.

(/usr/share/texlive/texmf-dist/tex/latex/base/t1cmtt.fd
File: t1cmtt.fd 2019/12/16 v2.5j Standard LaTeX font definitions
) [79] [80]) [81]
(../Stan/bivariate_cdf.stan [82]
Overfull \hbox (82.25797pt too wide) in paragraph at lines 47--48
[][][][][][][][][][][][][][][][][][][][][][][][][][][][][][][][][][][][][][][][
][][][][][][][][][][][] 
 []

) [83] (../Stan/mdlYN.stan [84]) (../Stan/mdlYN_FL.stan [85])
(../Stan/mdlYN_varshift_FL.stan [86]) (../Stan/mdlYN_both.stan [87])
(../Stan/mdlYN_both_truncated.stan [88] [89]) [90] (../Stan/mdlAFC.stan
[91]) (../Stan/mdlAFC_FL.stan [92]) (../Stan/mdlAFC_varshift_FL.stan [93])
(../Stan/mdlAFC_both.stan [94]) [95]
Package atveryend Info: Empty hook `BeforeClearDocument' on input line 1743.
Package atveryend Info: Empty hook `AfterLastShipout' on input line 1743.
 (./Joni_Paakko_-_Thesis.aux)
Package atveryend Info: Executing hook `AtVeryEndDocument' on input line 1743.
Package atveryend Info: Executing hook `AtEndAfterFileList' on input line 1743.

Package rerunfilecheck Info: File `Joni_Paakko_-_Thesis.out' has not changed.
(rerunfilecheck)             Checksum: E48D20EE47FD40B40E979662D648F373;3625.


LaTeX Warning: There were undefined references.

Package atveryend Info: Empty hook `AtVeryVeryEnd' on input line 1743.
 ) 
Here is how much of TeX's memory you used:
 22890 strings out of 481239
 407739 string characters out of 5920377
 681519 words of memory out of 5000000
 36739 multiletter control sequences out of 15000+600000
 555659 words of font info for 81 fonts, out of 8000000 for 9000
 1141 hyphenation exceptions out of 8191
 57i,17n,75p,1429b,1750s stack positions out of 5000i,500n,10000p,200000b,80000s
{/usr/share/texmf/fonts/enc/dvips/cm-super/cm-super-ts1.enc}{/usr/share/texmf
/fonts/enc/dvips/cm-super/cm-super-t1.enc}</usr/share/texlive/texmf-dist/fonts/
type1/public/amsfonts/cm/cmbx10.pfb></usr/share/texlive/texmf-dist/fonts/type1/
public/amsfonts/cm/cmex10.pfb></usr/share/texlive/texmf-dist/fonts/type1/public
/amsfonts/cm/cmmi10.pfb></usr/share/texlive/texmf-dist/fonts/type1/public/amsfo
nts/cm/cmmi12.pfb></usr/share/texlive/texmf-dist/fonts/type1/public/amsfonts/cm
/cmmi5.pfb></usr/share/texlive/texmf-dist/fonts/type1/public/amsfonts/cm/cmmi6.
pfb></usr/share/texlive/texmf-dist/fonts/type1/public/amsfonts/cm/cmmi7.pfb></u
sr/share/texlive/texmf-dist/fonts/type1/public/amsfonts/cm/cmmi8.pfb></usr/shar
e/texlive/texmf-dist/fonts/type1/public/amsfonts/cm/cmmi9.pfb></usr/share/texli
ve/texmf-dist/fonts/type1/public/amsfonts/cm/cmmib10.pfb></usr/share/texlive/te
xmf-dist/fonts/type1/public/amsfonts/cmextra/cmmib7.pfb></usr/share/texlive/tex
mf-dist/fonts/type1/public/amsfonts/cmextra/cmmib8.pfb></usr/share/texlive/texm
f-dist/fonts/type1/public/amsfonts/cm/cmr10.pfb></usr/share/texlive/texmf-dist/
fonts/type1/public/amsfonts/cm/cmr6.pfb></usr/share/texlive/texmf-dist/fonts/ty
pe1/public/amsfonts/cm/cmr7.pfb></usr/share/texlive/texmf-dist/fonts/type1/publ
ic/amsfonts/cm/cmr8.pfb></usr/share/texlive/texmf-dist/fonts/type1/public/amsfo
nts/cm/cmsy10.pfb></usr/share/texlive/texmf-dist/fonts/type1/public/amsfonts/cm
/cmsy5.pfb></usr/share/texlive/texmf-dist/fonts/type1/public/amsfonts/cm/cmsy6.
pfb></usr/share/texlive/texmf-dist/fonts/type1/public/amsfonts/cm/cmsy7.pfb></u
sr/share/texlive/texmf-dist/fonts/type1/public/amsfonts/cm/cmsy8.pfb></usr/shar
e/texmf/fonts/type1/public/cm-super/sfbx0900.pfb></usr/share/texmf/fonts/type1/
public/cm-super/sfbx1000.pfb></usr/share/texmf/fonts/type1/public/cm-super/sfbx
1200.pfb></usr/share/texmf/fonts/type1/public/cm-super/sfbx1440.pfb></usr/share
/texmf/fonts/type1/public/cm-super/sfrm0600.pfb></usr/share/texmf/fonts/type1/p
ublic/cm-super/sfrm0700.pfb></usr/share/texmf/fonts/type1/public/cm-super/sfrm0
800.pfb></usr/share/texmf/fonts/type1/public/cm-super/sfrm0900.pfb></usr/share/
texmf/fonts/type1/public/cm-super/sfrm1000.pfb></usr/share/texmf/fonts/type1/pu
blic/cm-super/sfrm1200.pfb></usr/share/texmf/fonts/type1/public/cm-super/sfrm14
40.pfb></usr/share/texmf/fonts/type1/public/cm-super/sfti0800.pfb></usr/share/t
exmf/fonts/type1/public/cm-super/sfti1000.pfb></usr/share/texmf/fonts/type1/pub
lic/cm-super/sftt1000.pfb>
Output written on Joni_Paakko_-_Thesis.pdf (99 pages, 4579372 bytes).
PDF statistics:
 2496 PDF objects out of 2984 (max. 8388607)
 2243 compressed objects within 23 object streams
 864 named destinations out of 1000 (max. 500000)
 650 words of extra memory for PDF output out of 10000 (max. 10000000)

